# JRE version: OpenJDK Runtime Environment (17.0.10) (build 17.0.10+0--11609105)
# Java VM: OpenJDK 64-Bit Server VM (17.0.10+0--11609105, mixed mode, tiered, compressed oops, compressed class ptrs, g1 gc, windows-amd64)
GC Precious Log:
 CPUs: 16 total, 16 available
 Memory: 15943M
 Large Page Support: Disabled
 NUMA Support: Disabled
 Compressed Oops: Enabled (32-bit)
 Heap Region Size: 1M
 Heap Min Capacity: 8M
 Heap Initial Capacity: 250M
 Heap Max Capacity: 2G
 Pre-touch: Disabled
 Parallel Workers: 13
 Concurrent Workers: 3
 Concurrent Refinement Workers: 13
 Periodic GC: Disabled
Heap:
 garbage-first heap   total 307200K, used 144563K [0x0000000080000000, 0x0000000100000000)
  region size 1024K, 13 young (13312K), 10 survivors (10240K)
 Metaspace       used 105927K, committed 106816K, reserved 1179648K
  class space    used 14254K, committed 14656K, reserved 1048576K
GC Heap History (20 events):
Event: 5.910 GC heap before
{Heap before GC invocations=16 (full 0):
 garbage-first heap   total 244736K, used 176669K [0x0000000080000000, 0x0000000100000000)
  region size 1024K, 107 young (109568K), 12 survivors (12288K)
 Metaspace       used 64758K, committed 65408K, reserved 1114112K
  class space    used 8777K, committed 9088K, reserved 1048576K
}
Event: 5.914 GC heap after
{Heap after GC invocations=17 (full 0):
 garbage-first heap   total 244736K, used 89988K [0x0000000080000000, 0x0000000100000000)
  region size 1024K, 14 young (14336K), 14 survivors (14336K)
 Metaspace       used 64758K, committed 65408K, reserved 1114112K
  class space    used 8777K, committed 9088K, reserved 1048576K
}
Event: 6.454 GC heap before
{Heap before GC invocations=17 (full 0):
 garbage-first heap   total 244736K, used 186244K [0x0000000080000000, 0x0000000100000000)
  region size 1024K, 103 young (105472K), 14 survivors (14336K)
 Metaspace       used 73092K, committed 73856K, reserved 1114112K
  class space    used 9844K, committed 10176K, reserved 1048576K
}
Event: 6.472 GC heap after
{Heap after GC invocations=18 (full 0):
 garbage-first heap   total 244736K, used 97631K [0x0000000080000000, 0x0000000100000000)
  region size 1024K, 7 young (7168K), 7 survivors (7168K)
 Metaspace       used 73092K, committed 73856K, reserved 1114112K
  class space    used 9844K, committed 10176K, reserved 1048576K
}
Event: 6.838 GC heap before
{Heap before GC invocations=18 (full 0):
 garbage-first heap   total 244736K, used 187743K [0x0000000080000000, 0x0000000100000000)
  region size 1024K, 95 young (97280K), 7 survivors (7168K)
 Metaspace       used 76206K, committed 76864K, reserved 1179648K
  class space    used 10259K, committed 10560K, reserved 1048576K
}
Event: 6.855 GC heap after
{Heap after GC invocations=19 (full 0):
 garbage-first heap   total 244736K, used 102634K [0x0000000080000000, 0x0000000100000000)
  region size 1024K, 12 young (12288K), 12 survivors (12288K)
 Metaspace       used 76206K, committed 76864K, reserved 1179648K
  class space    used 10259K, committed 10560K, reserved 1048576K
}
Event: 7.475 GC heap before
{Heap before GC invocations=19 (full 0):
 garbage-first heap   total 244736K, used 192746K [0x0000000080000000, 0x0000000100000000)
  region size 1024K, 99 young (101376K), 12 survivors (12288K)
 Metaspace       used 82365K, committed 83008K, reserved 1179648K
  class space    used 11294K, committed 11584K, reserved 1048576K
}
Event: 7.496 GC heap after
{Heap after GC invocations=20 (full 0):
 garbage-first heap   total 244736K, used 106279K [0x0000000080000000, 0x0000000100000000)
  region size 1024K, 10 young (10240K), 10 survivors (10240K)
 Metaspace       used 82365K, committed 83008K, reserved 1179648K
  class space    used 11294K, committed 11584K, reserved 1048576K
}
Event: 8.042 GC heap before
{Heap before GC invocations=20 (full 0):
 garbage-first heap   total 244736K, used 185127K [0x0000000080000000, 0x0000000100000000)
  region size 1024K, 77 young (78848K), 10 survivors (10240K)
 Metaspace       used 88492K, committed 89280K, reserved 1179648K
  class space    used 12195K, committed 12544K, reserved 1048576K
}
Event: 8.065 GC heap after
{Heap after GC invocations=21 (full 0):
 garbage-first heap   total 244736K, used 125814K [0x0000000080000000, 0x0000000100000000)
  region size 1024K, 11 young (11264K), 11 survivors (11264K)
 Metaspace       used 88492K, committed 89280K, reserved 1179648K
  class space    used 12195K, committed 12544K, reserved 1048576K
}
Event: 8.378 GC heap before
{Heap before GC invocations=22 (full 0):
 garbage-first heap   total 244736K, used 166774K [0x0000000080000000, 0x0000000100000000)
  region size 1024K, 50 young (51200K), 11 survivors (11264K)
 Metaspace       used 92142K, committed 92928K, reserved 1179648K
  class space    used 12657K, committed 12992K, reserved 1048576K
}
Event: 8.394 GC heap after
{Heap after GC invocations=23 (full 0):
 garbage-first heap   total 244736K, used 132177K [0x0000000080000000, 0x0000000100000000)
  region size 1024K, 4 young (4096K), 4 survivors (4096K)
 Metaspace       used 92142K, committed 92928K, reserved 1179648K
  class space    used 12657K, committed 12992K, reserved 1048576K
}
Event: 8.845 GC heap before
{Heap before GC invocations=24 (full 0):
 garbage-first heap   total 244736K, used 197713K [0x0000000080000000, 0x0000000100000000)
  region size 1024K, 66 young (67584K), 4 survivors (4096K)
 Metaspace       used 99195K, committed 100096K, reserved 1179648K
  class space    used 13583K, committed 14016K, reserved 1048576K
}
Event: 8.861 GC heap after
{Heap after GC invocations=25 (full 0):
 garbage-first heap   total 244736K, used 133804K [0x0000000080000000, 0x0000000100000000)
  region size 1024K, 6 young (6144K), 6 survivors (6144K)
 Metaspace       used 99195K, committed 100096K, reserved 1179648K
  class space    used 13583K, committed 14016K, reserved 1048576K
}
Event: 8.908 GC heap before
{Heap before GC invocations=25 (full 0):
 garbage-first heap   total 244736K, used 138924K [0x0000000080000000, 0x0000000100000000)
  region size 1024K, 11 young (11264K), 6 survivors (6144K)
 Metaspace       used 99643K, committed 100480K, reserved 1179648K
  class space    used 13650K, committed 14080K, reserved 1048576K
}
Event: 8.923 GC heap after
{Heap after GC invocations=26 (full 0):
 garbage-first heap   total 307200K, used 134090K [0x0000000080000000, 0x0000000100000000)
  region size 1024K, 1 young (1024K), 1 survivors (1024K)
 Metaspace       used 99643K, committed 100480K, reserved 1179648K
  class space    used 13650K, committed 14080K, reserved 1048576K
}
Event: 9.059 GC heap before
{Heap before GC invocations=26 (full 0):
 garbage-first heap   total 307200K, used 154570K [0x0000000080000000, 0x0000000100000000)
  region size 1024K, 19 young (19456K), 1 survivors (1024K)
 Metaspace       used 101657K, committed 102528K, reserved 1179648K
  class space    used 13862K, committed 14272K, reserved 1048576K
}
Event: 9.061 GC heap after
{Heap after GC invocations=27 (full 0):
 garbage-first heap   total 307200K, used 138416K [0x0000000080000000, 0x0000000100000000)
  region size 1024K, 2 young (2048K), 2 survivors (2048K)
 Metaspace       used 101657K, committed 102528K, reserved 1179648K
  class space    used 13862K, committed 14272K, reserved 1048576K
}
Event: 9.738 GC heap before
{Heap before GC invocations=27 (full 0):
 garbage-first heap   total 307200K, used 244912K [0x0000000080000000, 0x0000000100000000)
  region size 1024K, 106 young (108544K), 2 survivors (2048K)
 Metaspace       used 105713K, committed 106624K, reserved 1179648K
  class space    used 14210K, committed 14656K, reserved 1048576K
}
Event: 9.742 GC heap after
{Heap after GC invocations=28 (full 0):
 garbage-first heap   total 307200K, used 142515K [0x0000000080000000, 0x0000000100000000)
  region size 1024K, 10 young (10240K), 10 survivors (10240K)
 Metaspace       used 105713K, committed 106624K, reserved 1179648K
  class space    used 14210K, committed 14656K, reserved 1048576K
}

