# JRE version: OpenJDK Runtime Environment (17.0.10) (build 17.0.10+0--11609105)
# Java VM: OpenJDK 64-Bit Server VM (17.0.10+0--11609105, mixed mode, tiered, compressed oops, compressed class ptrs, g1 gc, windows-amd64)
GC Precious Log:
 CPUs: 16 total, 16 available
 Memory: 15943M
 Large Page Support: Disabled
 NUMA Support: Disabled
 Compressed Oops: Enabled (32-bit)
 Heap Region Size: 1M
 Heap Min Capacity: 8M
 Heap Initial Capacity: 250M
 Heap Max Capacity: 2G
 Pre-touch: Disabled
 Parallel Workers: 13
 Concurrent Workers: 3
 Concurrent Refinement Workers: 13
 Periodic GC: Disabled
Heap:
 garbage-first heap   total 172032K, used 117097K [0x0000000080000000, 0x0000000100000000)
  region size 1024K, 21 young (21504K), 1 survivors (1024K)
 Metaspace       used 74292K, committed 74944K, reserved 1114112K
  class space    used 10009K, committed 10304K, reserved 1048576K
GC Heap History (20 events):
Event: 4.474 GC heap before
{Heap before GC invocations=12 (full 0):
 garbage-first heap   total 136192K, used 115585K [0x0000000080000000, 0x0000000100000000)
  region size 1024K, 63 young (64512K), 7 survivors (7168K)
 Metaspace       used 51174K, committed 51648K, reserved 1114112K
  class space    used 6896K, committed 7104K, reserved 1048576K
}
Event: 4.490 GC heap after
{Heap after GC invocations=13 (full 0):
 garbage-first heap   total 136192K, used 60598K [0x0000000080000000, 0x0000000100000000)
  region size 1024K, 7 young (7168K), 7 survivors (7168K)
 Metaspace       used 51174K, committed 51648K, reserved 1114112K
  class space    used 6896K, committed 7104K, reserved 1048576K
}
Event: 4.907 GC heap before
{Heap before GC invocations=13 (full 0):
 garbage-first heap   total 136192K, used 111798K [0x0000000080000000, 0x0000000100000000)
  region size 1024K, 51 young (52224K), 7 survivors (7168K)
 Metaspace       used 54556K, committed 55040K, reserved 1114112K
  class space    used 7291K, committed 7488K, reserved 1048576K
}
Event: 4.924 GC heap after
{Heap after GC invocations=14 (full 0):
 garbage-first heap   total 136192K, used 70425K [0x0000000080000000, 0x0000000100000000)
  region size 1024K, 5 young (5120K), 5 survivors (5120K)
 Metaspace       used 54556K, committed 55040K, reserved 1114112K
  class space    used 7291K, committed 7488K, reserved 1048576K
}
Event: 5.298 GC heap before
{Heap before GC invocations=14 (full 0):
 garbage-first heap   total 136192K, used 108313K [0x0000000080000000, 0x0000000100000000)
  region size 1024K, 42 young (43008K), 5 survivors (5120K)
 Metaspace       used 58765K, committed 59328K, reserved 1114112K
  class space    used 7997K, committed 8256K, reserved 1048576K
}
Event: 5.310 GC heap after
{Heap after GC invocations=15 (full 0):
 garbage-first heap   total 172032K, used 73470K [0x0000000080000000, 0x0000000100000000)
  region size 1024K, 3 young (3072K), 3 survivors (3072K)
 Metaspace       used 58765K, committed 59328K, reserved 1114112K
  class space    used 7997K, committed 8256K, reserved 1048576K
}
Event: 6.046 GC heap before
{Heap before GC invocations=16 (full 0):
 garbage-first heap   total 172032K, used 137982K [0x0000000080000000, 0x0000000100000000)
  region size 1024K, 63 young (64512K), 3 survivors (3072K)
 Metaspace       used 61602K, committed 62208K, reserved 1114112K
  class space    used 8335K, committed 8640K, reserved 1048576K
}
Event: 6.048 GC heap after
{Heap after GC invocations=17 (full 0):
 garbage-first heap   total 172032K, used 85081K [0x0000000080000000, 0x0000000100000000)
  region size 1024K, 8 young (8192K), 8 survivors (8192K)
 Metaspace       used 61602K, committed 62208K, reserved 1114112K
  class space    used 8335K, committed 8640K, reserved 1048576K
}
Event: 6.099 GC heap before
{Heap before GC invocations=17 (full 0):
 garbage-first heap   total 172032K, used 93273K [0x0000000080000000, 0x0000000100000000)
  region size 1024K, 17 young (17408K), 8 survivors (8192K)
 Metaspace       used 62220K, committed 62784K, reserved 1114112K
  class space    used 8444K, committed 8704K, reserved 1048576K
}
Event: 6.101 GC heap after
{Heap after GC invocations=18 (full 0):
 garbage-first heap   total 172032K, used 86620K [0x0000000080000000, 0x0000000100000000)
  region size 1024K, 2 young (2048K), 2 survivors (2048K)
 Metaspace       used 62220K, committed 62784K, reserved 1114112K
  class space    used 8444K, committed 8704K, reserved 1048576K
}
Event: 6.290 GC heap before
{Heap before GC invocations=19 (full 0):
 garbage-first heap   total 172032K, used 129628K [0x0000000080000000, 0x0000000100000000)
  region size 1024K, 41 young (41984K), 2 survivors (2048K)
 Metaspace       used 65028K, committed 65664K, reserved 1114112K
  class space    used 8811K, committed 9088K, reserved 1048576K
}
Event: 6.291 GC heap after
{Heap after GC invocations=20 (full 0):
 garbage-first heap   total 172032K, used 90870K [0x0000000080000000, 0x0000000100000000)
  region size 1024K, 4 young (4096K), 4 survivors (4096K)
 Metaspace       used 65028K, committed 65664K, reserved 1114112K
  class space    used 8811K, committed 9088K, reserved 1048576K
}
Event: 6.318 GC heap before
{Heap before GC invocations=20 (full 0):
 garbage-first heap   total 172032K, used 94966K [0x0000000080000000, 0x0000000100000000)
  region size 1024K, 8 young (8192K), 4 survivors (4096K)
 Metaspace       used 65371K, committed 65984K, reserved 1114112K
  class space    used 8844K, committed 9152K, reserved 1048576K
}
Event: 6.319 GC heap after
{Heap after GC invocations=21 (full 0):
 garbage-first heap   total 172032K, used 90911K [0x0000000080000000, 0x0000000100000000)
  region size 1024K, 1 young (1024K), 1 survivors (1024K)
 Metaspace       used 65371K, committed 65984K, reserved 1114112K
  class space    used 8844K, committed 9152K, reserved 1048576K
}
Event: 6.586 GC heap before
{Heap before GC invocations=21 (full 0):
 garbage-first heap   total 172032K, used 130847K [0x0000000080000000, 0x0000000100000000)
  region size 1024K, 40 young (40960K), 1 survivors (1024K)
 Metaspace       used 69707K, committed 70400K, reserved 1114112K
  class space    used 9406K, committed 9728K, reserved 1048576K
}
Event: 6.587 GC heap after
{Heap after GC invocations=22 (full 0):
 garbage-first heap   total 172032K, used 91779K [0x0000000080000000, 0x0000000100000000)
  region size 1024K, 2 young (2048K), 2 survivors (2048K)
 Metaspace       used 69707K, committed 70400K, reserved 1114112K
  class space    used 9406K, committed 9728K, reserved 1048576K
}
Event: 6.838 GC heap before
{Heap before GC invocations=23 (full 0):
 garbage-first heap   total 172032K, used 138883K [0x0000000080000000, 0x0000000100000000)
  region size 1024K, 43 young (44032K), 2 survivors (2048K)
 Metaspace       used 72844K, committed 73600K, reserved 1114112K
  class space    used 9816K, committed 10176K, reserved 1048576K
}
Event: 6.847 GC heap after
{Heap after GC invocations=24 (full 0):
 garbage-first heap   total 172032K, used 97169K [0x0000000080000000, 0x0000000100000000)
  region size 1024K, 6 young (6144K), 6 survivors (6144K)
 Metaspace       used 72844K, committed 73600K, reserved 1114112K
  class space    used 9816K, committed 10176K, reserved 1048576K
}
Event: 6.862 GC heap before
{Heap before GC invocations=24 (full 0):
 garbage-first heap   total 172032K, used 99217K [0x0000000080000000, 0x0000000100000000)
  region size 1024K, 8 young (8192K), 6 survivors (6144K)
 Metaspace       used 72969K, committed 73728K, reserved 1114112K
  class space    used 9830K, committed 10176K, reserved 1048576K
}
Event: 6.872 GC heap after
{Heap after GC invocations=25 (full 0):
 garbage-first heap   total 172032K, used 97641K [0x0000000080000000, 0x0000000100000000)
  region size 1024K, 1 young (1024K), 1 survivors (1024K)
 Metaspace       used 72969K, committed 73728K, reserved 1114112K
  class space    used 9830K, committed 10176K, reserved 1048576K
}

