# JRE version: OpenJDK Runtime Environment (17.0.10) (build 17.0.10+0--11609105)
# Java VM: OpenJDK 64-Bit Server VM (17.0.10+0--11609105, mixed mode, tiered, compressed oops, compressed class ptrs, g1 gc, windows-amd64)
GC Precious Log:
 CPUs: 16 total, 16 available
 Memory: 15943M
 Large Page Support: Disabled
 NUMA Support: Disabled
 Compressed Oops: Enabled (32-bit)
 Heap Region Size: 1M
 Heap Min Capacity: 8M
 Heap Initial Capacity: 250M
 Heap Max Capacity: 2G
 Pre-touch: Disabled
 Parallel Workers: 13
 Concurrent Workers: 3
 Concurrent Refinement Workers: 13
 Periodic GC: Disabled
Heap:
 garbage-first heap   total 352256K, used 202295K [0x0000000080000000, 0x0000000100000000)
  region size 1024K, 87 young (89088K), 8 survivors (8192K)
 Metaspace       used 89689K, committed 90432K, reserved 1179648K
  class space    used 12355K, committed 12672K, reserved 1048576K
GC Heap History (20 events):
Event: 6.899 GC heap before
{Heap before GC invocations=13 (full 0):
 garbage-first heap   total 173056K, used 121605K [0x0000000080000000, 0x0000000100000000)
  region size 1024K, 57 young (58368K), 7 survivors (7168K)
 Metaspace       used 59466K, committed 60096K, reserved 1114112K
  class space    used 8093K, committed 8384K, reserved 1048576K
}
Event: 6.916 GC heap after
{Heap after GC invocations=14 (full 0):
 garbage-first heap   total 173056K, used 75300K [0x0000000080000000, 0x0000000100000000)
  region size 1024K, 4 young (4096K), 4 survivors (4096K)
 Metaspace       used 59466K, committed 60096K, reserved 1114112K
  class space    used 8093K, committed 8384K, reserved 1048576K
}
Event: 7.367 GC heap before
{Heap before GC invocations=15 (full 0):
 garbage-first heap   total 173056K, used 131620K [0x0000000080000000, 0x0000000100000000)
  region size 1024K, 56 young (57344K), 4 survivors (4096K)
 Metaspace       used 61664K, committed 62336K, reserved 1114112K
  class space    used 8352K, committed 8640K, reserved 1048576K
}
Event: 7.369 GC heap after
{Heap after GC invocations=16 (full 0):
 garbage-first heap   total 173056K, used 86649K [0x0000000080000000, 0x0000000100000000)
  region size 1024K, 7 young (7168K), 7 survivors (7168K)
 Metaspace       used 61664K, committed 62336K, reserved 1114112K
  class space    used 8352K, committed 8640K, reserved 1048576K
}
Event: 7.375 GC heap before
{Heap before GC invocations=16 (full 0):
 garbage-first heap   total 173056K, used 87673K [0x0000000080000000, 0x0000000100000000)
  region size 1024K, 8 young (8192K), 7 survivors (7168K)
 Metaspace       used 61747K, committed 62400K, reserved 1114112K
  class space    used 8367K, committed 8640K, reserved 1048576K
}
Event: 7.377 GC heap after
{Heap after GC invocations=17 (full 0):
 garbage-first heap   total 173056K, used 87361K [0x0000000080000000, 0x0000000100000000)
  region size 1024K, 1 young (1024K), 1 survivors (1024K)
 Metaspace       used 61747K, committed 62400K, reserved 1114112K
  class space    used 8367K, committed 8640K, reserved 1048576K
}
Event: 7.417 GC heap before
{Heap before GC invocations=17 (full 0):
 garbage-first heap   total 173056K, used 92481K [0x0000000080000000, 0x0000000100000000)
  region size 1024K, 7 young (7168K), 1 survivors (1024K)
 Metaspace       used 62193K, committed 62784K, reserved 1114112K
  class space    used 8445K, committed 8704K, reserved 1048576K
}
Event: 7.417 GC heap after
{Heap after GC invocations=18 (full 0):
 garbage-first heap   total 173056K, used 87195K [0x0000000080000000, 0x0000000100000000)
  region size 1024K, 1 young (1024K), 1 survivors (1024K)
 Metaspace       used 62193K, committed 62784K, reserved 1114112K
  class space    used 8445K, committed 8704K, reserved 1048576K
}
Event: 7.703 GC heap before
{Heap before GC invocations=19 (full 0):
 garbage-first heap   total 173056K, used 140443K [0x0000000080000000, 0x0000000100000000)
  region size 1024K, 50 young (51200K), 1 survivors (1024K)
 Metaspace       used 66080K, committed 66752K, reserved 1114112K
  class space    used 8898K, committed 9216K, reserved 1048576K
}
Event: 7.704 GC heap after
{Heap after GC invocations=20 (full 0):
 garbage-first heap   total 173056K, used 92174K [0x0000000080000000, 0x0000000100000000)
  region size 1024K, 4 young (4096K), 4 survivors (4096K)
 Metaspace       used 66080K, committed 66752K, reserved 1114112K
  class space    used 8898K, committed 9216K, reserved 1048576K
}
Event: 7.724 GC heap before
{Heap before GC invocations=20 (full 0):
 garbage-first heap   total 173056K, used 95246K [0x0000000080000000, 0x0000000100000000)
  region size 1024K, 8 young (8192K), 4 survivors (4096K)
 Metaspace       used 66503K, committed 67136K, reserved 1114112K
  class space    used 8941K, committed 9216K, reserved 1048576K
}
Event: 7.725 GC heap after
{Heap after GC invocations=21 (full 0):
 garbage-first heap   total 173056K, used 91819K [0x0000000080000000, 0x0000000100000000)
  region size 1024K, 1 young (1024K), 1 survivors (1024K)
 Metaspace       used 66503K, committed 67136K, reserved 1114112K
  class space    used 8941K, committed 9216K, reserved 1048576K
}
Event: 8.030 GC heap before
{Heap before GC invocations=21 (full 0):
 garbage-first heap   total 173056K, used 144043K [0x0000000080000000, 0x0000000100000000)
  region size 1024K, 48 young (49152K), 1 survivors (1024K)
 Metaspace       used 71357K, committed 72000K, reserved 1114112K
  class space    used 9605K, committed 9920K, reserved 1048576K
}
Event: 8.032 GC heap after
{Heap after GC invocations=22 (full 0):
 garbage-first heap   total 173056K, used 101077K [0x0000000080000000, 0x0000000100000000)
  region size 1024K, 6 young (6144K), 6 survivors (6144K)
 Metaspace       used 71357K, committed 72000K, reserved 1114112K
  class space    used 9605K, committed 9920K, reserved 1048576K
}
Event: 8.362 GC heap before
{Heap before GC invocations=23 (full 0):
 garbage-first heap   total 176128K, used 143061K [0x0000000080000000, 0x0000000100000000)
  region size 1024K, 46 young (47104K), 6 survivors (6144K)
 Metaspace       used 74087K, committed 74752K, reserved 1114112K
  class space    used 9988K, committed 10304K, reserved 1048576K
}
Event: 8.370 GC heap after
{Heap after GC invocations=24 (full 0):
 garbage-first heap   total 176128K, used 100665K [0x0000000080000000, 0x0000000100000000)
  region size 1024K, 3 young (3072K), 3 survivors (3072K)
 Metaspace       used 74087K, committed 74752K, reserved 1114112K
  class space    used 9988K, committed 10304K, reserved 1048576K
}
Event: 8.400 GC heap before
{Heap before GC invocations=24 (full 0):
 garbage-first heap   total 176128K, used 104761K [0x0000000080000000, 0x0000000100000000)
  region size 1024K, 8 young (8192K), 3 survivors (3072K)
 Metaspace       used 74397K, committed 75072K, reserved 1114112K
  class space    used 10029K, committed 10304K, reserved 1048576K
}
Event: 8.412 GC heap after
{Heap after GC invocations=25 (full 0):
 garbage-first heap   total 352256K, used 100837K [0x0000000080000000, 0x0000000100000000)
  region size 1024K, 1 young (1024K), 1 survivors (1024K)
 Metaspace       used 74397K, committed 75072K, reserved 1114112K
  class space    used 10029K, committed 10304K, reserved 1048576K
}
Event: 9.580 GC heap before
{Heap before GC invocations=25 (full 0):
 garbage-first heap   total 352256K, used 257509K [0x0000000080000000, 0x0000000100000000)
  region size 1024K, 154 young (157696K), 1 survivors (1024K)
 Metaspace       used 82170K, committed 82880K, reserved 1179648K
  class space    used 11279K, committed 11584K, reserved 1048576K
}
Event: 9.584 GC heap after
{Heap after GC invocations=26 (full 0):
 garbage-first heap   total 352256K, used 108087K [0x0000000080000000, 0x0000000100000000)
  region size 1024K, 8 young (8192K), 8 survivors (8192K)
 Metaspace       used 82170K, committed 82880K, reserved 1179648K
  class space    used 11279K, committed 11584K, reserved 1048576K
}

